<?xml version="1.0" encoding="UTF-8"?>
<testsuite name="com.sparta.todo.TodoTest" tests="1" skipped="0" failures="0" errors="0" timestamp="2024-10-17T01:36:20" hostname="DESKTOP-10C0NQP" time="0.434">
  <properties/>
  <testcase name="메모 생성 성공" classname="com.sparta.todo.TodoTest" time="0.434"/>
  <system-out><![CDATA[10:36:17.046 [Test worker] INFO org.springframework.test.context.support.AnnotationConfigContextLoaderUtils -- Could not detect default configuration classes for test class [com.sparta.todo.TodoTest]: TodoTest does not declare any static, non-private, non-final, nested classes annotated with @Configuration.
10:36:17.127 [Test worker] INFO org.springframework.boot.test.context.SpringBootTestContextBootstrapper -- Found @SpringBootConfiguration com.sparta.todo.TodoApplication for test class com.sparta.todo.TodoTest

  .   ____          _            __ _ _
 /\\ / ___'_ __ _ _(_)_ __  __ _ \ \ \ \
( ( )\___ | '_ | '_| | '_ \/ _` | \ \ \ \
 \\/  ___)| |_)| | | | | || (_| |  ) ) ) )
  '  |____| .__|_| |_|_| |_\__, | / / / /
 =========|_|==============|___/=/_/_/_/

 :: Spring Boot ::                (v3.3.4)

2024-10-17T10:36:17.395+09:00  INFO 8996 --- [    Test worker] com.sparta.todo.TodoTest                 : Starting TodoTest using Java 17.0.12 with PID 8996 (started by music in C:\Users\music\IdeaProjects\todo)
2024-10-17T10:36:17.396+09:00  INFO 8996 --- [    Test worker] com.sparta.todo.TodoTest                 : No active profile set, falling back to 1 default profile: "default"
2024-10-17T10:36:17.855+09:00  INFO 8996 --- [    Test worker] .s.d.r.c.RepositoryConfigurationDelegate : Bootstrapping Spring Data JPA repositories in DEFAULT mode.
2024-10-17T10:36:17.902+09:00  INFO 8996 --- [    Test worker] .s.d.r.c.RepositoryConfigurationDelegate : Finished Spring Data repository scanning in 39 ms. Found 1 JPA repository interface.
2024-10-17T10:36:18.218+09:00  INFO 8996 --- [    Test worker] o.hibernate.jpa.internal.util.LogHelper  : HHH000204: Processing PersistenceUnitInfo [name: default]
2024-10-17T10:36:18.271+09:00  INFO 8996 --- [    Test worker] org.hibernate.Version                    : HHH000412: Hibernate ORM core version 6.5.3.Final
2024-10-17T10:36:18.299+09:00  INFO 8996 --- [    Test worker] o.h.c.internal.RegionFactoryInitiator    : HHH000026: Second-level cache disabled
2024-10-17T10:36:18.558+09:00  INFO 8996 --- [    Test worker] o.s.o.j.p.SpringPersistenceUnitInfo      : No LoadTimeWeaver setup: ignoring JPA class transformer
2024-10-17T10:36:18.588+09:00  INFO 8996 --- [    Test worker] com.zaxxer.hikari.HikariDataSource       : HikariPool-1 - Starting...
2024-10-17T10:36:18.792+09:00  INFO 8996 --- [    Test worker] com.zaxxer.hikari.pool.HikariPool        : HikariPool-1 - Added connection com.mysql.cj.jdbc.ConnectionImpl@53ba25ff
2024-10-17T10:36:18.794+09:00  INFO 8996 --- [    Test worker] com.zaxxer.hikari.HikariDataSource       : HikariPool-1 - Start completed.
2024-10-17T10:36:19.481+09:00  INFO 8996 --- [    Test worker] o.h.e.t.j.p.i.JtaPlatformInitiator       : HHH000489: No JTA platform available (set 'hibernate.transaction.jta.platform' to enable JTA platform integration)
Hibernate: 
    create table todo (
        id bigint not null auto_increment,
        created_at datetime(6),
        modified_at datetime(6),
        contents varchar(500) not null,
        title varchar(255) not null,
        username varchar(255) not null,
        primary key (id)
    ) engine=InnoDB
2024-10-17T10:36:19.549+09:00  INFO 8996 --- [    Test worker] j.LocalContainerEntityManagerFactoryBean : Initialized JPA EntityManagerFactory for persistence unit 'default'
2024-10-17T10:36:19.939+09:00  WARN 8996 --- [    Test worker] JpaBaseConfiguration$JpaWebConfiguration : spring.jpa.open-in-view is enabled by default. Therefore, database queries may be performed during view rendering. Explicitly configure spring.jpa.open-in-view to disable this warning
2024-10-17T10:36:20.274+09:00  INFO 8996 --- [    Test worker] com.sparta.todo.TodoTest                 : Started TodoTest in 3.034 seconds (process running for 3.875)
Hibernate: 
    /* insert for
        com.sparta.todo.entity.Todo */insert 
    into
        todo (contents, created_at, modified_at, title, username) 
    values
        (?, ?, ?, ?, ?)
]]></system-out>
  <system-err><![CDATA[]]></system-err>
</testsuite>
